06-13 18:51:52 com_github_MitjaNemec_Archive3DModels.action_archive_3d_models 220:Plugin executed on: 'win32'
06-13 18:51:52 com_github_MitjaNemec_Archive3DModels.action_archive_3d_models 221:Plugin executed with python version: '3.9.16 (main, May 18 2023, 07:48:16) [MSC v.1936 64 bit (AMD64)]'
06-13 18:51:52 com_github_MitjaNemec_Archive3DModels.action_archive_3d_models 222:KiCad build version: 7.0.5-60-gd5cbb56160
06-13 18:51:52 com_github_MitjaNemec_Archive3DModels.action_archive_3d_models 223:Plugin version: 1.0.9

06-13 18:51:52 com_github_MitjaNemec_Archive3DModels.action_archive_3d_models 228:Screen sizes: [wx.Size(1920, 1080), wx.Size(1920, 1080)]
06-13 18:51:52 com_github_MitjaNemec_Archive3DModels.action_archive_3d_models 235:Dialog size: wx.Size(213, 81)
06-13 18:51:52 com_github_MitjaNemec_Archive3DModels.action_archive_3d_models 237:Char size: 15
06-13 18:52:01 com_github_MitjaNemec_Archive3DModels.archive_3d_models 24:Starting to archive 3D models
06-13 18:52:01 com_github_MitjaNemec_Archive3DModels.archive_3d_models 45:Getting 3D models for footprint of: PCIe_CAN_1
06-13 18:52:01 com_github_MitjaNemec_Archive3DModels.archive_3d_models 56:Trying to copy: ${KICAD6_3DMODEL_DIR}/Connector_PinHeader_2.54mm.3dshapes/PinHeader_2x07_P2.54mm_Vertical.wrl
06-13 18:52:01 com_github_MitjaNemec_Archive3DModels.archive_3d_models 136:Remapping: ${KICAD6_3DMODEL_DIR}/Connector_PinHeader_2.54mm.3dshapes/PinHeader_2x07_P2.54mm_Vertical.wrl
06-13 18:52:01 com_github_MitjaNemec_Archive3DModels.archive_3d_models 45:Getting 3D models for footprint of: PCIe_SPI_1
06-13 18:52:01 com_github_MitjaNemec_Archive3DModels.archive_3d_models 56:Trying to copy: ${KICAD6_3DMODEL_DIR}/Connector_PinHeader_2.54mm.3dshapes/PinHeader_2x11_P2.54mm_Vertical.wrl
06-13 18:52:01 com_github_MitjaNemec_Archive3DModels.archive_3d_models 136:Remapping: ${KICAD6_3DMODEL_DIR}/Connector_PinHeader_2.54mm.3dshapes/PinHeader_2x11_P2.54mm_Vertical.wrl
06-13 18:52:01 com_github_MitjaNemec_Archive3DModels.archive_3d_models 45:Getting 3D models for footprint of: KiCad0
06-13 18:52:01 com_github_MitjaNemec_Archive3DModels.archive_3d_models 45:Getting 3D models for footprint of: H2
06-13 18:52:01 com_github_MitjaNemec_Archive3DModels.archive_3d_models 45:Getting 3D models for footprint of: OpenHW1
06-13 18:52:01 com_github_MitjaNemec_Archive3DModels.archive_3d_models 45:Getting 3D models for footprint of: H3
06-13 18:52:01 com_github_MitjaNemec_Archive3DModels.archive_3d_models 45:Getting 3D models for footprint of: H4
06-13 18:52:01 com_github_MitjaNemec_Archive3DModels.archive_3d_models 45:Getting 3D models for footprint of: H1
